2012/05/08 14:43:39 [error] [exception.CHttpException.404] exception 'CHttpException' with message 'Unable to resolve the request "gii".' in C:\xampp\htdocs\yii\framework\web\CWebApplication.php:280
Stack trace:
#0 C:\xampp\htdocs\yii\framework\web\CWebApplication.php(135): CWebApplication->runController('gii')
#1 C:\xampp\htdocs\yii\framework\base\CApplication.php(162): CWebApplication->processRequest()
#2 C:\xampp\htdocs\labs\adbk\index.php(13): CApplication->run()
#3 {main}
REQUEST_URI=/labs/adbk/index.php?r=gii
---
2012/05/08 15:32:53 [error] [exception.CHttpException.404] exception 'CHttpException' with message 'The system is unable to find the requested action "user".' in C:\xampp\htdocs\yii\framework\web\CController.php:484
Stack trace:
#0 C:\xampp\htdocs\yii\framework\web\CController.php(271): CController->missingAction('user')
#1 C:\xampp\htdocs\yii\framework\web\CWebApplication.php(276): CController->run('user')
#2 C:\xampp\htdocs\yii\framework\web\CWebApplication.php(135): CWebApplication->runController('site/user')
#3 C:\xampp\htdocs\yii\framework\base\CApplication.php(162): CWebApplication->processRequest()
#4 C:\xampp\htdocs\labs\adbk\index.php(13): CApplication->run()
#5 {main}
REQUEST_URI=/labs/adbk/index.php?r=site/user
HTTP_REFERER=http://localhost/labs/adbk/index.php?r=site/index
---
2012/05/08 15:37:49 [error] [exception.CHttpException.403] exception 'CHttpException' with message 'You are not authorized to perform this action.' in C:\xampp\htdocs\yii\framework\web\auth\CAccessControlFilter.php:157
Stack trace:
#0 C:\xampp\htdocs\yii\framework\web\auth\CAccessControlFilter.php(120): CAccessControlFilter->accessDenied(Object(CWebUser), 'You are not aut...')
#1 C:\xampp\htdocs\yii\framework\web\filters\CFilter.php(39): CAccessControlFilter->preFilter(Object(CFilterChain))
#2 C:\xampp\htdocs\yii\framework\web\CController.php(1146): CFilter->filter(Object(CFilterChain))
#3 C:\xampp\htdocs\yii\framework\web\filters\CInlineFilter.php(59): CController->filterAccessControl(Object(CFilterChain))
#4 C:\xampp\htdocs\yii\framework\web\filters\CFilterChain.php(131): CInlineFilter->filter(Object(CFilterChain))
#5 C:\xampp\htdocs\yii\framework\web\CController.php(292): CFilterChain->run()
#6 C:\xampp\htdocs\yii\framework\web\CController.php(266): CController->runActionWithFilters(Object(CInlineAction), Array)
#7 C:\xampp\htdocs\yii\framework\web\CWebApplication.php(276): CController->run('admin')
#8 C:\xampp\htdocs\yii\framework\web\CWebApplication.php(135): CWebApplication->runController('user/admin')
#9 C:\xampp\htdocs\yii\framework\base\CApplication.php(162): CWebApplication->processRequest()
#10 C:\xampp\htdocs\labs\adbk\index.php(13): CApplication->run()
#11 {main}
REQUEST_URI=/labs/adbk/index.php?r=user/admin
HTTP_REFERER=http://localhost/labs/adbk/index.php?r=user
---
2012/06/19 15:48:13 [error] [system.db.CDbCommand] CDbCommand::fetchAll() failed: SQLSTATE[42S02]: Base table or view not found: 1146 Table 'adbk.user' doesn't exist. The SQL statement executed was: SHOW COLUMNS FROM `user`.
in C:\xampp\htdocs\labs\adbk\index.php (13)
